2025-12-23T17:45:37 | touched: src/lib.rs
2025-08-01T21:31:13 | touched: README.md
2025-10-31T18:59:23 | touched: src/lib.rs
2025-03-20T04:06:07 | touched: LICENSE
2025-01-08T04:35:09 | touched: src/lib.rs
2025-01-27T18:02:15 | touched: Cargo.toml
2025-05-18T17:11:13 | touched: src/lib.rs
2025-01-07T19:37:12 | touched: README.md
2025-08-01T09:00:29 | touched: src/main.rs
2025-02-18T23:56:34 | touched: src/main.rs
2025-02-11T17:55:32 | touched: src/lib.rs
2025-03-19T22:51:44 | touched: README.md
2025-01-22T23:33:02 | touched: Cargo.toml
2025-08-03T07:46:19 | touched: LICENSE
2025-05-03T12:57:54 | touched: LICENSE
2025-04-28T07:01:22 | touched: src/lib.rs
2025-09-17T23:38:55 | touched: LICENSE
2025-10-21T01:27:08 | touched: Cargo.toml
2025-07-11T03:25:31 | touched: src/main.rs
2025-11-30T19:52:41 | touched: README.md
2025-11-04T02:44:59 | touched: README.md
2025-06-11T10:10:56 | touched: Cargo.toml
2025-11-21T04:09:09 | touched: src/main.rs
2025-08-16T09:39:39 | touched: README.md
2025-03-03T23:11:18 | touched: src/lib.rs
2025-04-29T23:14:56 | touched: src/main.rs
2025-06-09T05:55:25 | touched: Cargo.toml
2025-11-08T19:53:45 | touched: Cargo.toml
2025-08-22T03:01:44 | touched: Cargo.toml
2025-08-05T03:48:05 | touched: src/lib.rs
2025-03-27T19:30:38 | touched: LICENSE
2025-05-28T18:23:57 | touched: README.md
2025-02-24T13:14:38 | touched: src/lib.rs
2025-07-13T18:29:42 | touched: Cargo.toml
2025-03-01T17:22:01 | touched: README.md
2025-03-23T04:04:52 | touched: README.md
2025-03-12T16:57:20 | touched: LICENSE
2025-05-14T04:09:37 | touched: src/main.rs
2025-10-03T03:32:27 | touched: Cargo.toml
2025-03-11T05:13:26 | touched: LICENSE
2025-05-05T00:52:36 | touched: LICENSE
2025-03-09T02:30:59 | touched: README.md
2025-05-30T18:01:04 | touched: src/lib.rs
2025-02-02T11:06:47 | touched: src/lib.rs
2025-01-01T09:41:58 | touched: LICENSE
2025-09-12T07:15:00 | touched: Cargo.toml
2025-01-17T02:50:47 | touched: README.md
2025-04-08T21:32:02 | touched: LICENSE
2025-10-19T09:29:14 | touched: README.md
2025-12-20T21:53:07 | touched: src/main.rs
2025-12-27T07:25:26 | touched: src/main.rs
2025-04-29T03:55:41 | touched: README.md
2026-01-19T04:30:55 | touched: LICENSE
2026-01-21T08:14:02 | touched: LICENSE
2026-01-06T05:04:09 | touched: src/main.rs
2026-01-11T07:06:43 | touched: src/main.rs
2025-01-09T15:40:21 | touched: src/main.rs
2025-10-29T18:58:25 | touched: README.md
2025-01-09T01:59:31 | touched: Cargo.toml
2025-09-18T20:02:08 | touched: src/main.rs
2025-09-04T00:46:45 | touched: LICENSE
2026-01-04T19:08:01 | touched: LICENSE
2026-01-11T19:40:49 | touched: src/main.rs
2026-01-16T14:44:05 | touched: LICENSE
2025-07-22T20:42:05 | touched: LICENSE
2025-08-20T20:00:03 | touched: Cargo.toml
2026-01-13T01:54:20 | touched: src/lib.rs
2026-01-21T01:47:48 | touched: Cargo.toml
2026-01-15T00:39:56 | touched: README.md
2026-01-20T06:25:23 | touched: README.md
2026-01-12T08:21:30 | touched: src/main.rs
2026-01-05T13:04:30 | touched: Cargo.toml
2026-01-05T07:58:10 | touched: LICENSE
